2025-01-05 11:12:35,891 - INFO - Usando device: cpu
2025-01-05 11:12:35,894 - INFO - Load pretrained SentenceTransformer: neuralmind/bert-base-portuguese-cased
2025-01-05 11:12:36,497 - WARNING - No sentence-transformers model found with name neuralmind/bert-base-portuguese-cased. Creating a new one with mean pooling.
2025-01-05 11:12:39,522 - INFO - Modelo 'neuralmind/bert-base-portuguese-cased' carregado.
2025-01-05 11:12:40,091 - INFO - Regras carregadas com sucesso
2025-01-05 11:22:22,700 - INFO - Histórico da conversa salvo com sucesso.
2025-01-05 11:28:45,180 - INFO - Usando device: cpu
2025-01-05 11:28:45,181 - INFO - Load pretrained SentenceTransformer: neuralmind/bert-base-portuguese-cased
2025-01-05 11:28:45,473 - WARNING - No sentence-transformers model found with name neuralmind/bert-base-portuguese-cased. Creating a new one with mean pooling.
2025-01-05 11:28:48,226 - INFO - Modelo 'neuralmind/bert-base-portuguese-cased' carregado com sucesso
2025-01-05 11:28:48,426 - INFO - Regras carregadas com sucesso
2025-01-05 11:36:48,710 - INFO - Usando device: cpu
2025-01-05 11:36:48,711 - INFO - Load pretrained SentenceTransformer: neuralmind/bert-base-portuguese-cased
2025-01-05 11:36:49,160 - WARNING - No sentence-transformers model found with name neuralmind/bert-base-portuguese-cased. Creating a new one with mean pooling.
2025-01-05 11:36:51,796 - INFO - Modelo 'neuralmind/bert-base-portuguese-cased' carregado com sucesso
2025-01-05 11:36:51,965 - INFO - Regras carregadas com sucesso
2025-01-05 11:37:42,843 - INFO - Histórico da conversa salvo com sucesso
2025-01-05 11:45:34,816 - INFO - Usando device: cpu
2025-01-05 11:45:34,818 - INFO - Load pretrained SentenceTransformer: neuralmind/bert-base-portuguese-cased
2025-01-05 11:45:35,099 - WARNING - No sentence-transformers model found with name neuralmind/bert-base-portuguese-cased. Creating a new one with mean pooling.
2025-01-05 11:45:38,050 - INFO - Modelo 'neuralmind/bert-base-portuguese-cased' carregado com sucesso
2025-01-05 11:45:38,222 - INFO - Regras carregadas com sucesso
2025-01-07 19:24:41,460 - INFO - Usando device: cpu
2025-01-07 19:24:41,462 - INFO - Load pretrained SentenceTransformer: neuralmind/bert-base-portuguese-cased
2025-01-07 19:24:41,793 - WARNING - No sentence-transformers model found with name neuralmind/bert-base-portuguese-cased. Creating a new one with mean pooling.
2025-01-07 19:24:51,295 - INFO - Modelo 'neuralmind/bert-base-portuguese-cased' carregado com sucesso
2025-01-07 19:24:52,193 - INFO - Regras carregadas com sucesso
2025-01-07 19:28:33,839 - INFO - Usando device: cpu
2025-01-07 19:28:33,841 - INFO - Load pretrained SentenceTransformer: rufimelo/bert-large-portuguese-cased-sts
2025-01-07 19:33:01,607 - INFO - Usando device: cpu
2025-01-07 19:33:01,614 - INFO - Load pretrained SentenceTransformer: rufimelo/bert-large-portuguese-cased-sts
2025-01-07 19:34:10,283 - WARNING - Invalid model-index. Not loading eval results into CardData.
2025-01-07 19:34:10,991 - WARNING - Invalid model-index. Not loading eval results into CardData.
2025-01-07 19:34:11,002 - INFO - Modelo 'rufimelo/bert-large-portuguese-cased-sts' carregado com sucesso
2025-01-07 19:34:11,016 - INFO - Regras carregadas com sucesso
2025-01-07 19:34:44,337 - ERROR - Erro ao gerar resposta: 'Tensor' object has no attribute 'lower'
2025-01-07 19:34:49,765 - ERROR - Erro ao gerar resposta: 'Tensor' object has no attribute 'lower'
2025-01-07 19:35:01,558 - ERROR - Erro ao gerar resposta: 'Tensor' object has no attribute 'lower'
2025-01-07 19:35:06,282 - INFO - Histórico da conversa salvo com sucesso
2025-01-07 19:49:07,290 - INFO - Usando device: cpu
2025-01-07 19:49:07,293 - INFO - Load pretrained SentenceTransformer: rufimelo/bert-large-portuguese-cased-sts
2025-01-07 19:49:10,061 - WARNING - Invalid model-index. Not loading eval results into CardData.
2025-01-07 19:49:10,258 - WARNING - Invalid model-index. Not loading eval results into CardData.
2025-01-07 19:49:10,269 - INFO - Modelo 'rufimelo/bert-large-portuguese-cased-sts' carregado com sucesso
2025-01-07 19:49:10,280 - INFO - Regras carregadas com sucesso
